<?xml version="1.0" encoding="UTF-8"?>
<!-- Generated by org.testng.reporters.JUnitXMLReporter -->
<testsuite ignored="1" hostname="DESKTOP-3KP0749" failures="0" tests="0" time="0.081" errors="0" timestamp="2024-01-09T14:20:19 IST">
  <testcase classname="genericUtilities.BaseClass" name="@BeforeTest bcConfig" time="-1.704790219496E9">
    <failure type="org.testng.TestNGException" message="
Parameter &amp;apos;browser&amp;apos; is required by BeforeTest on method bcConfig but has not been marked @Optional or defined
in C:\Users\Yash\eclipse-workspace\AutomationFrameworks_Project_QCO-SOEAJD-E4\testng-RegressionSuite.xml">
      <![CDATA[org.testng.TestNGException: 
Parameter 'browser' is required by BeforeTest on method bcConfig but has not been marked @Optional or defined
in C:\Users\Yash\eclipse-workspace\AutomationFrameworks_Project_QCO-SOEAJD-E4\testng-RegressionSuite.xml
... Removed 21 stack frames]]>
    </failure>
  </testcase> <!-- @BeforeTest bcConfig -->
  <testcase classname="ConatctsTests.CreateContactTest_" name="createContactWithMandatoryInfo" time="0.0">
    <ignored/>
  </testcase> <!-- createContactWithMandatoryInfo -->
</testsuite>
